{"uid":"52c1452be50ec058","name":"The user is presented with error message for password mismatch","fullName":"src/test/resources/features/02_register.feature:41","historyId":"7a8aebc78b7c0dbca264d8b65f3295b3","time":{"start":1703798928912,"stop":1703798929499,"duration":587},"status":"failed","statusMessage":"did not expect [password_mismatch:The two password fields didn’t match.] but found [password_mismatch:The two password fields didn’t match.]","statusTrace":"java.lang.AssertionError: did not expect [password_mismatch:The two password fields didn’t match.] but found [password_mismatch:The two password fields didn’t match.]\r\n\tat org.testng.Assert.fail(Assert.java:99)\r\n\tat org.testng.Assert.failEquals(Assert.java:1041)\r\n\tat org.testng.Assert.assertNotEqualsImpl(Assert.java:147)\r\n\tat org.testng.Assert.assertNotEquals(Assert.java:1531)\r\n\tat org.testng.Assert.assertNotEquals(Assert.java:1535)\r\n\tat stepdefinition.registerPageSD.it_should_display_an_error_message(registerPageSD.java:83)\r\n\tat ✽.It should display an error message \"password_mismatch:The two password fields didn’t match.\"(file:///C:/Users/hvlsa/eclipse-workspace/DS_Algo_Project/src/test/resources/features/02_register.feature:46)\r\n","flaky":false,"newFailed":false,"newBroken":false,"newPassed":false,"retriesCount":0,"retriesStatusChange":false,"beforeStages":[{"name":"hooks.hooksForDS.scenario(io.cucumber.java.Scenario)","time":{"start":1703798928912,"stop":1703798928914,"duration":2},"status":"passed","steps":[],"attachments":[],"parameters":[],"shouldDisplayMessage":false,"stepsCount":0,"attachmentsCount":0,"hasContent":false,"attachmentStep":false}],"testStage":{"status":"failed","statusMessage":"did not expect [password_mismatch:The two password fields didn’t match.] but found [password_mismatch:The two password fields didn’t match.]","statusTrace":"java.lang.AssertionError: did not expect [password_mismatch:The two password fields didn’t match.] but found [password_mismatch:The two password fields didn’t match.]\r\n\tat org.testng.Assert.fail(Assert.java:99)\r\n\tat org.testng.Assert.failEquals(Assert.java:1041)\r\n\tat org.testng.Assert.assertNotEqualsImpl(Assert.java:147)\r\n\tat org.testng.Assert.assertNotEquals(Assert.java:1531)\r\n\tat org.testng.Assert.assertNotEquals(Assert.java:1535)\r\n\tat stepdefinition.registerPageSD.it_should_display_an_error_message(registerPageSD.java:83)\r\n\tat ✽.It should display an error message \"password_mismatch:The two password fields didn’t match.\"(file:///C:/Users/hvlsa/eclipse-workspace/DS_Algo_Project/src/test/resources/features/02_register.feature:46)\r\n","steps":[{"name":"Given  The user opens Register Page","time":{"start":1703798928914,"stop":1703798928995,"duration":81},"status":"passed","steps":[],"attachments":[],"parameters":[],"shouldDisplayMessage":false,"stepsCount":0,"attachmentsCount":0,"hasContent":false,"attachmentStep":false},{"name":"When  The user clicks \"Register\" button after entering valid \"username\" and different passwords in \"password\" and \"password confirmation\" fields","time":{"start":1703798928996,"stop":1703798929394,"duration":398},"status":"passed","steps":[],"attachments":[{"uid":"b693277c58ddf50f","name":"Data table","source":"b693277c58ddf50f.csv","type":"text/tab-separated-values","size":89}],"parameters":[],"shouldDisplayMessage":false,"stepsCount":0,"attachmentsCount":1,"hasContent":true,"attachmentStep":false},{"name":"Then  It should display an error message \"password_mismatch:The two password fields didn’t match.\"","time":{"start":1703798929396,"stop":1703798929493,"duration":97},"status":"failed","statusMessage":"did not expect [password_mismatch:The two password fields didn’t match.] but found [password_mismatch:The two password fields didn’t match.]","statusTrace":"java.lang.AssertionError: did not expect [password_mismatch:The two password fields didn’t match.] but found [password_mismatch:The two password fields didn’t match.]\r\n\tat org.testng.Assert.fail(Assert.java:99)\r\n\tat org.testng.Assert.failEquals(Assert.java:1041)\r\n\tat org.testng.Assert.assertNotEqualsImpl(Assert.java:147)\r\n\tat org.testng.Assert.assertNotEquals(Assert.java:1531)\r\n\tat org.testng.Assert.assertNotEquals(Assert.java:1535)\r\n\tat stepdefinition.registerPageSD.it_should_display_an_error_message(registerPageSD.java:83)\r\n\tat ✽.It should display an error message \"password_mismatch:The two password fields didn’t match.\"(file:///C:/Users/hvlsa/eclipse-workspace/DS_Algo_Project/src/test/resources/features/02_register.feature:46)\r\n","steps":[],"attachments":[],"parameters":[],"shouldDisplayMessage":true,"stepsCount":0,"attachmentsCount":0,"hasContent":true,"attachmentStep":false}],"attachments":[],"parameters":[],"shouldDisplayMessage":false,"stepsCount":3,"attachmentsCount":1,"hasContent":true,"attachmentStep":false},"afterStages":[{"name":"hooks.hooksForDS.afterstep(io.cucumber.java.Scenario)","time":{"start":1703798928995,"stop":1703798928996,"duration":1},"status":"passed","steps":[],"attachments":[],"parameters":[],"shouldDisplayMessage":false,"stepsCount":0,"attachmentsCount":0,"hasContent":false,"attachmentStep":false},{"name":"hooks.hooksForDS.afterstep(io.cucumber.java.Scenario)","time":{"start":1703798929394,"stop":1703798929395,"duration":1},"status":"passed","steps":[],"attachments":[],"parameters":[],"shouldDisplayMessage":false,"stepsCount":0,"attachmentsCount":0,"hasContent":false,"attachmentStep":false},{"name":"hooks.hooksForDS.afterstep(io.cucumber.java.Scenario)","time":{"start":1703798929494,"stop":1703798929498,"duration":4},"status":"broken","statusMessage":"AFTER_STEP is failed: Cannot invoke \"org.openqa.selenium.TakesScreenshot.getScreenshotAs(org.openqa.selenium.OutputType)\" because \"hooks.hooksForDS.driver\" is null","statusTrace":"java.lang.NullPointerException: Cannot invoke \"org.openqa.selenium.TakesScreenshot.getScreenshotAs(org.openqa.selenium.OutputType)\" because \"hooks.hooksForDS.driver\" is null\r\n\tat hooks.hooksForDS.afterstep(hooksForDS.java:48)\r\n","steps":[],"attachments":[],"parameters":[],"shouldDisplayMessage":true,"stepsCount":0,"attachmentsCount":0,"hasContent":true,"attachmentStep":false}],"labels":[{"name":"tag","value":"register"},{"name":"tag","value":"TS_register_06"},{"name":"host","value":"harika"},{"name":"thread","value":"19108@harika.main(1)"},{"name":"feature","value":"Validating Register page"},{"name":"story","value":"The user is presented with error message for password mismatch"},{"name":"suite","value":"Validating Register page"},{"name":"testClass","value":"The user is presented with error message for password mismatch"},{"name":"framework","value":"cucumber4jvm"},{"name":"language","value":"java"},{"name":"gherkin_uri","value":"file:///C:/Users/hvlsa/eclipse-workspace/DS_Algo_Project/src/test/resources/features/02_register.feature"},{"name":"package","value":"src.test.resources.features.02_register_feature.Validating Register page"},{"name":"resultFormat","value":"allure2"}],"parameters":[],"links":[],"hidden":true,"retry":true,"extra":{"categories":[],"tags":["TS_register_06","register"]},"source":"52c1452be50ec058.json","parameterValues":[]}