{"uid":"d9378d42f965cc73","name":"The user is presented with error message for password mismatch","fullName":"src/test/resources/features/02_register.feature:41","historyId":"7a8aebc78b7c0dbca264d8b65f3295b3","time":{"start":1703799436714,"stop":1703799437390,"duration":676},"status":"failed","statusMessage":"did not expect [password_mismatch:The two password fields didn’t match.] but found [password_mismatch:The two password fields didn’t match.]","statusTrace":"java.lang.AssertionError: did not expect [password_mismatch:The two password fields didn’t match.] but found [password_mismatch:The two password fields didn’t match.]\r\n\tat org.testng.Assert.fail(Assert.java:111)\r\n\tat org.testng.Assert.failEquals(Assert.java:1582)\r\n\tat org.testng.Assert.assertNotEqualsImpl(Assert.java:157)\r\n\tat org.testng.Assert.assertNotEquals(Assert.java:2198)\r\n\tat org.testng.Assert.assertNotEquals(Assert.java:2220)\r\n\tat stepdefinition.registerPageSD.it_should_display_an_error_message(registerPageSD.java:83)\r\n\tat ✽.It should display an error message \"password_mismatch:The two password fields didn’t match.\"(file:///C:/Users/hvlsa/eclipse-workspace/DS_Algo_Project/src/test/resources/features/02_register.feature:46)\r\n","flaky":false,"newFailed":false,"newBroken":false,"newPassed":false,"retriesCount":0,"retriesStatusChange":false,"beforeStages":[{"name":"hooks.hooksForDS.scenario(io.cucumber.java.Scenario)","time":{"start":1703799436714,"stop":1703799436716,"duration":2},"status":"passed","steps":[],"attachments":[],"parameters":[],"shouldDisplayMessage":false,"stepsCount":0,"attachmentsCount":0,"hasContent":false,"attachmentStep":false}],"testStage":{"status":"failed","statusMessage":"did not expect [password_mismatch:The two password fields didn’t match.] but found [password_mismatch:The two password fields didn’t match.]","statusTrace":"java.lang.AssertionError: did not expect [password_mismatch:The two password fields didn’t match.] but found [password_mismatch:The two password fields didn’t match.]\r\n\tat org.testng.Assert.fail(Assert.java:111)\r\n\tat org.testng.Assert.failEquals(Assert.java:1582)\r\n\tat org.testng.Assert.assertNotEqualsImpl(Assert.java:157)\r\n\tat org.testng.Assert.assertNotEquals(Assert.java:2198)\r\n\tat org.testng.Assert.assertNotEquals(Assert.java:2220)\r\n\tat stepdefinition.registerPageSD.it_should_display_an_error_message(registerPageSD.java:83)\r\n\tat ✽.It should display an error message \"password_mismatch:The two password fields didn’t match.\"(file:///C:/Users/hvlsa/eclipse-workspace/DS_Algo_Project/src/test/resources/features/02_register.feature:46)\r\n","steps":[{"name":"Given  The user opens Register Page","time":{"start":1703799436717,"stop":1703799436818,"duration":101},"status":"passed","steps":[],"attachments":[],"parameters":[],"shouldDisplayMessage":false,"stepsCount":0,"attachmentsCount":0,"hasContent":false,"attachmentStep":false},{"name":"When  The user clicks \"Register\" button after entering valid \"username\" and different passwords in \"password\" and \"password confirmation\" fields","time":{"start":1703799436820,"stop":1703799437256,"duration":436},"status":"passed","steps":[],"attachments":[{"uid":"f0aa8ea134a1ce3a","name":"Data table","source":"f0aa8ea134a1ce3a.csv","type":"text/tab-separated-values","size":89}],"parameters":[],"shouldDisplayMessage":false,"stepsCount":0,"attachmentsCount":1,"hasContent":true,"attachmentStep":false},{"name":"Then  It should display an error message \"password_mismatch:The two password fields didn’t match.\"","time":{"start":1703799437258,"stop":1703799437381,"duration":123},"status":"failed","statusMessage":"did not expect [password_mismatch:The two password fields didn’t match.] but found [password_mismatch:The two password fields didn’t match.]","statusTrace":"java.lang.AssertionError: did not expect [password_mismatch:The two password fields didn’t match.] but found [password_mismatch:The two password fields didn’t match.]\r\n\tat org.testng.Assert.fail(Assert.java:111)\r\n\tat org.testng.Assert.failEquals(Assert.java:1582)\r\n\tat org.testng.Assert.assertNotEqualsImpl(Assert.java:157)\r\n\tat org.testng.Assert.assertNotEquals(Assert.java:2198)\r\n\tat org.testng.Assert.assertNotEquals(Assert.java:2220)\r\n\tat stepdefinition.registerPageSD.it_should_display_an_error_message(registerPageSD.java:83)\r\n\tat ✽.It should display an error message \"password_mismatch:The two password fields didn’t match.\"(file:///C:/Users/hvlsa/eclipse-workspace/DS_Algo_Project/src/test/resources/features/02_register.feature:46)\r\n","steps":[],"attachments":[],"parameters":[],"shouldDisplayMessage":true,"stepsCount":0,"attachmentsCount":0,"hasContent":true,"attachmentStep":false}],"attachments":[],"parameters":[],"shouldDisplayMessage":false,"stepsCount":3,"attachmentsCount":1,"hasContent":true,"attachmentStep":false},"afterStages":[{"name":"hooks.hooksForDS.afterstep(io.cucumber.java.Scenario)","time":{"start":1703799436819,"stop":1703799436819,"duration":0},"status":"passed","steps":[],"attachments":[],"parameters":[],"shouldDisplayMessage":false,"stepsCount":0,"attachmentsCount":0,"hasContent":false,"attachmentStep":false},{"name":"hooks.hooksForDS.afterstep(io.cucumber.java.Scenario)","time":{"start":1703799437257,"stop":1703799437258,"duration":1},"status":"passed","steps":[],"attachments":[],"parameters":[],"shouldDisplayMessage":false,"stepsCount":0,"attachmentsCount":0,"hasContent":false,"attachmentStep":false},{"name":"hooks.hooksForDS.afterstep(io.cucumber.java.Scenario)","time":{"start":1703799437384,"stop":1703799437389,"duration":5},"status":"broken","statusMessage":"AFTER_STEP is failed: Cannot invoke \"org.openqa.selenium.TakesScreenshot.getScreenshotAs(org.openqa.selenium.OutputType)\" because \"hooks.hooksForDS.driver\" is null","statusTrace":"java.lang.NullPointerException: Cannot invoke \"org.openqa.selenium.TakesScreenshot.getScreenshotAs(org.openqa.selenium.OutputType)\" because \"hooks.hooksForDS.driver\" is null\r\n\tat hooks.hooksForDS.afterstep(hooksForDS.java:48)\r\n","steps":[],"attachments":[],"parameters":[],"shouldDisplayMessage":true,"stepsCount":0,"attachmentsCount":0,"hasContent":true,"attachmentStep":false}],"labels":[{"name":"tag","value":"register"},{"name":"tag","value":"TS_register_06"},{"name":"host","value":"harika"},{"name":"thread","value":"20160@harika.TestNG-test=Surefire test-1(30)"},{"name":"feature","value":"Validating Register page"},{"name":"story","value":"The user is presented with error message for password mismatch"},{"name":"suite","value":"Validating Register page"},{"name":"testClass","value":"The user is presented with error message for password mismatch"},{"name":"framework","value":"cucumber4jvm"},{"name":"language","value":"java"},{"name":"gherkin_uri","value":"file:///C:/Users/hvlsa/eclipse-workspace/DS_Algo_Project/src/test/resources/features/02_register.feature"},{"name":"package","value":"src.test.resources.features.02_register_feature.Validating Register page"},{"name":"resultFormat","value":"allure2"}],"parameters":[],"links":[],"hidden":true,"retry":true,"extra":{"categories":[],"tags":["TS_register_06","register"]},"source":"d9378d42f965cc73.json","parameterValues":[]}